SFD_Test/app/build/intermediates/manifest_merge_blame_file/debug/processDebugMainManifest/manifest-merger-blame-debug-report.txt
1<?xml version="1.0" encoding="utf-8"?>
2<manifest xmlns:android="http://schemas.android.com/apk/res/android"
3    package="com.sf.sfdtest"
4    android:versionCode="1"
5    android:versionName="1.0" >
6
7    <uses-sdk
8        android:minSdkVersion="26"
9        android:targetSdkVersion="35" />
10
11    <uses-permission android:name="android.permission.INTERNET" />
11-->src\main\AndroidManifest.xml:3:5-67
11-->src\main\AndroidManifest.xml:3:22-64
12    <uses-permission android:name="android.permission.ACCESS_NETWORK_STATE" />
12-->src\main\AndroidManifest.xml:4:5-79
12-->src\main\AndroidManifest.xml:4:22-76
13    <uses-permission android:name="android.permission.ACCESS_WIFI_STATE" />
13-->src\main\AndroidManifest.xml:5:5-76
13-->src\main\AndroidManifest.xml:5:22-73
14    <uses-permission android:name="android.permission.ACCESS_FINE_LOCATION" />
14-->src\main\AndroidManifest.xml:6:5-79
14-->src\main\AndroidManifest.xml:6:22-76
15    <uses-permission android:name="android.permission.ACCESS_COARSE_LOCATION" />
15-->src\main\AndroidManifest.xml:7:5-81
15-->src\main\AndroidManifest.xml:7:22-78
16    <uses-permission android:name="android.permission.ACCESS_BACKGROUND_LOCATION" />
16-->src\main\AndroidManifest.xml:8:5-85
16-->src\main\AndroidManifest.xml:8:22-82
17    <uses-permission android:name="android.permission.FOREGROUND_SERVICE" />
17-->src\main\AndroidManifest.xml:9:5-77
17-->src\main\AndroidManifest.xml:9:22-74
18    <uses-permission android:name="android.permission.FOREGROUND_SERVICE_LOCATION" />
18-->src\main\AndroidManifest.xml:10:5-86
18-->src\main\AndroidManifest.xml:10:22-83
19    <uses-permission android:name="android.permission.FOREGROUND_SERVICE_DATA_SYNC" />
19-->src\main\AndroidManifest.xml:11:5-87
19-->src\main\AndroidManifest.xml:11:22-84
20    <uses-permission android:name="android.permission.POST_NOTIFICATIONS" />
20-->src\main\AndroidManifest.xml:12:5-77
20-->src\main\AndroidManifest.xml:12:22-74
21    <uses-permission android:name="android.permission.SEND_SMS" />
21-->src\main\AndroidManifest.xml:13:5-67
21-->src\main\AndroidManifest.xml:13:22-64
22    <uses-permission android:name="android.permission.READ_PHONE_STATE" />
22-->src\main\AndroidManifest.xml:14:5-75
22-->src\main\AndroidManifest.xml:14:22-72
23`r`n    
24    <uses-permission android:name="android.permission.READ_PHONE_NUMBERS" />
24-->src\main\AndroidManifest.xml:14:83-155
24-->src\main\AndroidManifest.xml:14:100-152
25
26    <uses-feature
26-->src\main\AndroidManifest.xml:16:5-95
27        android:name="android.hardware.sensor.gyroscope"
27-->src\main\AndroidManifest.xml:16:19-67
28        android:required="false" />
28-->src\main\AndroidManifest.xml:16:68-92
29    <uses-feature
29-->src\main\AndroidManifest.xml:17:5-91
30        android:name="android.hardware.location.gps"
30-->src\main\AndroidManifest.xml:17:19-63
31        android:required="false" />
31-->src\main\AndroidManifest.xml:17:64-88
32    <uses-feature
32-->src\main\AndroidManifest.xml:18:5-88
33        android:name="android.hardware.telephony"
33-->src\main\AndroidManifest.xml:18:19-60
34        android:required="false" />
34-->src\main\AndroidManifest.xml:18:61-85
35
36    <application
36-->src\main\AndroidManifest.xml:20:5-37:19
37        android:allowBackup="true"
37-->src\main\AndroidManifest.xml:21:9-35
38        android:debuggable="true"
39        android:extractNativeLibs="false"
40        android:label="@string/app_name"
40-->src\main\AndroidManifest.xml:22:9-41
41        android:theme="@style/AppTheme"
41-->src\main\AndroidManifest.xml:23:9-40
42        android:usesCleartextTraffic="false" >
42-->src\main\AndroidManifest.xml:24:9-45
43        <service
43-->src\main\AndroidManifest.xml:25:9-28:65
44            android:name="com.sf.sfdtest.TelemetryService"
44-->src\main\AndroidManifest.xml:26:13-45
45            android:exported="false"
45-->src\main\AndroidManifest.xml:27:13-37
46            android:foregroundServiceType="location|dataSync" />
46-->src\main\AndroidManifest.xml:28:13-62
47
48        <activity
48-->src\main\AndroidManifest.xml:29:9-36:20
49            android:name="com.sf.sfdtest.MainActivity"
49-->src\main\AndroidManifest.xml:30:13-41
50            android:exported="true" >
50-->src\main\AndroidManifest.xml:31:13-36
51            <intent-filter>
51-->src\main\AndroidManifest.xml:32:13-35:29
52                <action android:name="android.intent.action.MAIN" />
52-->src\main\AndroidManifest.xml:33:17-69
52-->src\main\AndroidManifest.xml:33:25-66
53
54                <category android:name="android.intent.category.LAUNCHER" />
54-->src\main\AndroidManifest.xml:34:17-77
54-->src\main\AndroidManifest.xml:34:27-74
55            </intent-filter>
56        </activity>
57    </application>
58
59</manifest>